<?xml version="1.0" encoding="UTF-8"?>
<!-- Generated by org.testng.reporters.JUnitXMLReporter -->
<testsuite ignored="0" hostname="SunilKunwal" failures="0" tests="3" name="Default test" time="3.625" errors="0" timestamp="2024-01-06T17:16:06 IST">
  <testcase classname="files.DynamicJson" name="addBook" time="3.172"/>
  <testcase classname="files.DynamicJson" name="addBook" time="0.161"/>
  <testcase classname="files.DynamicJson" name="addBook" time="0.157"/>
</testsuite> <!-- Default test -->
