<?xml version="1.0" encoding="UTF-8"?>
<testng-results ignored="0" total="1" passed="1" failed="0" skipped="0">
  <reporter-output>
  </reporter-output>
  <suite started-at="2023-12-27T18:08:18 IST" name="Default suite" finished-at="2023-12-27T18:08:21 IST" duration-ms="2541">
    <groups>
    </groups>
    <test started-at="2023-12-27T18:08:18 IST" name="Default test" finished-at="2023-12-27T18:08:21 IST" duration-ms="2541">
      <class name="files.SumValidation">
        <test-method signature="sumOfCouses()[pri:0, instance:files.SumValidation@18d87d80]" started-at="2023-12-27T18:08:18 IST" name="sumOfCouses" finished-at="2023-12-27T18:08:21 IST" duration-ms="2469" status="PASS">
          <reporter-output>
          </reporter-output>
        </test-method> <!-- sumOfCouses -->
      </class> <!-- files.SumValidation -->
    </test> <!-- Default test -->
  </suite> <!-- Default suite -->
</testng-results>
